#
# There is insufficient memory for the Java Runtime Environment to continue.
# Native memory allocation (malloc) failed to allocate 1048576 bytes for AllocateHeap
# Possible reasons:
#   The system is out of physical RAM or swap space
#   In 32 bit mode, the process size limit was hit
# Possible solutions:
#   Reduce memory load on the system
#   Increase physical memory or swap space
#   Check if swap backing store is full
#   Use 64 bit Java on a 64 bit OS
#   Decrease Java heap size (-Xmx/-Xms)
#   Decrease number of Java threads
#   Decrease Java thread stack sizes (-Xss)
#   Set larger code cache with -XX:ReservedCodeCacheSize=
# This output file may be truncated or incomplete.
#
#  Out of Memory Error (memory/allocation.inline.hpp:61), pid=7696, tid=6188
#
# JRE version:  (8.0_60-b27) (build )
# Java VM: Java HotSpot(TM) 64-Bit Server VM (25.60-b23 mixed mode windows-amd64 compressed oops)
# Failed to write core dump. Minidumps are not enabled by default on client versions of Windows
#

---------------  T H R E A D  ---------------

Current thread (0x000000000247e000):  JavaThread "Unknown thread" [_thread_in_vm, id=6188, stack(0x0000000002640000,0x0000000002740000)]

Stack: [0x0000000002640000,0x0000000002740000]
[error occurred during error reporting (printing stack bounds), id 0xc0000005]

Native frames: (J=compiled Java code, j=interpreted, Vv=VM code, C=native code)


---------------  P R O C E S S  ---------------

Java Threads: ( => current thread )

Other Threads:

=>0x000000000247e000 (exited) JavaThread "Unknown thread" [_thread_in_vm, id=6188, stack(0x0000000002640000,0x0000000002740000)]

VM state:not at safepoint (normal execution)

VM Mutex/Monitor currently owned by a thread: None

Heap:
 PSYoungGen      total 38400K, used 665K [0x00000000eab00000, 0x00000000ed580000, 0x0000000100000000)
  eden space 33280K, 2% used [0x00000000eab00000,0x00000000eaba6670,0x00000000ecb80000)
  from space 5120K, 0% used [0x00000000ed080000,0x00000000ed080000,0x00000000ed580000)
  to   space 5120K, 0% used [0x00000000ecb80000,0x00000000ecb80000,0x00000000ed080000)
 ParOldGen       total 87552K, used 0K [0x00000000c0000000, 0x00000000c5580000, 0x00000000eab00000)
  object space 87552K, 0% used [0x00000000c0000000,0x00000000c0000000,0x00000000c5580000)
 Metaspace       used 767K, capacity 4480K, committed 4480K, reserved 1056768K
  class space    used 75K, capacity 384K, committed 384K, reserved 1048576K

Card table byte_map: [0x0000000011dd0000,0x0000000011fe0000] byte_map_base: 0x00000000117d0000

Marking Bits: (ParMarkBitMap*) 0x000000006fc5a5b0
 Begin Bits: [0x0000000012a80000, 0x0000000013a80000)
 End Bits:   [0x0000000013a80000, 0x0000000014a80000)

Polling page: 0x0000000001dc0000

CodeCache: size=245760Kb used=328Kb max_used=328Kb free=245431Kb
 bounds [0x0000000002a10000, 0x0000000002c80000, 0x0000000011a10000]
 total_blobs=57 nmethods=0 adapters=37
 compilation: enabled

Compilation events (0 events):
No events

GC Heap History (0 events):
No events

Deoptimization events (0 events):
No events

Internal exceptions (0 events):
No events

Events (10 events):
Event: 1.607 loading class java/lang/Short
Event: 1.665 loading class java/lang/Short done
Event: 1.665 loading class java/lang/Integer
Event: 1.715 loading class java/lang/Integer done
Event: 1.715 loading class java/lang/Long
Event: 1.741 loading class java/lang/Long done
Event: 1.742 loading class java/lang/NullPointerException
Event: 1.766 loading class java/lang/NullPointerException done
Event: 1.766 loading class java/lang/ArithmeticException
Event: 1.766 loading class java/lang/ArithmeticException done


Dynamic libraries:
0x000000013fd30000 - 0x000000013fd67000 	C:\Program Files\Java\jdk1.8.0_60\bin\java.exe
0x0000000077110000 - 0x00000000772ba000 	C:\windows\SYSTEM32\ntdll.dll
0x0000000076ff0000 - 0x000000007710f000 	C:\windows\system32\kernel32.dll
0x000007fefd2b0000 - 0x000007fefd31b000 	C:\windows\system32\KERNELBASE.dll
0x000007fefd680000 - 0x000007fefd75b000 	C:\windows\system32\ADVAPI32.dll
0x000007fefe5d0000 - 0x000007fefe66f000 	C:\windows\system32\msvcrt.dll
0x000007fefe7d0000 - 0x000007fefe7ef000 	C:\windows\SYSTEM32\sechost.dll
0x000007fefd550000 - 0x000007fefd67d000 	C:\windows\system32\RPCRT4.dll
0x0000000076ef0000 - 0x0000000076fea000 	C:\windows\system32\USER32.dll
0x000007fefe670000 - 0x000007fefe6d7000 	C:\windows\system32\GDI32.dll
0x000007fefe760000 - 0x000007fefe76e000 	C:\windows\system32\LPK.dll
0x000007fefd770000 - 0x000007fefd83a000 	C:\windows\system32\USP10.dll
0x000007fefb9e0000 - 0x000007fefbbd4000 	C:\windows\WinSxS\amd64_microsoft.windows.common-controls_6595b64144ccf1df_6.0.7601.18837_none_fa3b1e3d17594757\COMCTL32.dll
0x000007fefe6e0000 - 0x000007fefe751000 	C:\windows\system32\SHLWAPI.dll
0x000007fefcee0000 - 0x000007fefcf37000 	C:\windows\system32\apphelp.dll
0x000007feee970000 - 0x000007feee9c1000 	C:\windows\AppPatch\AppPatch64\AcGenral.DLL
0x000007fefceb0000 - 0x000007fefced5000 	C:\windows\system32\SspiCli.dll
0x000007fefef30000 - 0x000007feff133000 	C:\windows\system32\ole32.dll
0x000007fefd840000 - 0x000007fefe5c9000 	C:\windows\system32\SHELL32.dll
0x0000000070ee0000 - 0x0000000070ee3000 	C:\windows\system32\sfc.dll
0x000007fef27e0000 - 0x000007fef27f0000 	C:\windows\system32\sfc_os.DLL
0x000007fefc350000 - 0x000007fefc36e000 	C:\windows\system32\USERENV.dll
0x000007fefd010000 - 0x000007fefd01f000 	C:\windows\system32\profapi.dll
0x000007fefbcf0000 - 0x000007fefbd08000 	C:\windows\system32\dwmapi.dll
0x000007fef2730000 - 0x000007fef2748000 	C:\windows\system32\MPR.dll
0x000007fefed60000 - 0x000007fefed8e000 	C:\windows\system32\IMM32.DLL
0x000007fefeac0000 - 0x000007fefebc9000 	C:\windows\system32\MSCTF.dll
0x0000000074da0000 - 0x0000000074dd8000 	C:\PROGRA~2\Sophos\SOPHOS~1\SOPHOS~2.DLL
0x00000000772d0000 - 0x00000000772d7000 	C:\windows\system32\PSAPI.DLL
0x000000005f600000 - 0x000000005f6d2000 	C:\Program Files\Java\jdk1.8.0_60\jre\bin\msvcr100.dll
0x000000006f450000 - 0x000000006fcd9000 	C:\Program Files\Java\jdk1.8.0_60\jre\bin\server\jvm.dll
0x000007fef1880000 - 0x000007fef1889000 	C:\windows\system32\WSOCK32.dll
0x000007fefea70000 - 0x000007fefeabd000 	C:\windows\system32\WS2_32.dll
0x000007fefd760000 - 0x000007fefd768000 	C:\windows\system32\NSI.dll
0x000007fefb120000 - 0x000007fefb15b000 	C:\windows\system32\WINMM.dll
0x000007fefc1e0000 - 0x000007fefc1ec000 	C:\windows\system32\VERSION.dll
0x0000000001da0000 - 0x0000000001daf000 	C:\Program Files\Java\jdk1.8.0_60\jre\bin\verify.dll
0x0000000060640000 - 0x0000000060669000 	C:\Program Files\Java\jdk1.8.0_60\jre\bin\java.dll
0x0000000060680000 - 0x0000000060696000 	C:\Program Files\Java\jdk1.8.0_60\jre\bin\zip.dll

VM Arguments:
jvm_args: -Xmx1024M -Dfile.encoding=windows-1250 -Duser.country=US -Duser.language=en -Duser.variant 
java_command: com.android.dx.command.Main --dex --num-threads=4 --output C:\Users\gbielanski\GPSCoordinatesCollector\app\build\intermediates\pre-dexed\debug\internal_impl-23.1.1-45dd33b1d79fdc3b1c13ae06ffaaf305e458658e.jar C:\Users\gbielanski\GPSCoordinatesCollector\app\build\intermediates\exploded-aar\com.android.support\support-v4\23.1.1\jars\libs\internal_impl-23.1.1.jar
java_class_path (initial): C:\Users\gbielanski\AppData\Local\Android\sdk1\build-tools\23.0.0\lib\dx.jar
Launcher Type: SUN_STANDARD

Environment Variables:
JAVA_HOME=c:\Program Files\Java\jdk1.7.0_79\
PATH=C:\ProgramData\Oracle\Java\javapath;C:\windows\system32;C:\windows;C:\windows\System32\Wbem;C:\windows\System32\WindowsPowerShell\v1.0\;C:\Program Files (x86)\Git\cmd;C:\Program Files (x86)\GtkSharp\2.12\bin
USERNAME=gbielanski
OS=Windows_NT
PROCESSOR_IDENTIFIER=Intel64 Family 6 Model 42 Stepping 7, GenuineIntel



---------------  S Y S T E M  ---------------

OS: Windows 7 , 64 bit Build 7601 (6.1.7601.19160)

CPU:total 8 (4 cores per cpu, 2 threads per core) family 6 model 42 stepping 7, cmov, cx8, fxsr, mmx, sse, sse2, sse3, ssse3, sse4.1, sse4.2, popcnt, avx, aes, clmul, ht, tsc, tscinvbit

Memory: 4k page, physical 8344624k(957816k free), swap 10027756k(8376k free)

vm_info: Java HotSpot(TM) 64-Bit Server VM (25.60-b23) for windows-amd64 JRE (1.8.0_60-b27), built on Aug  4 2015 11:06:27 by "java_re" with MS VC++ 10.0 (VS2010)

time: Mon May 16 14:55:34 2016
elapsed time: 2 seconds (0d 0h 0m 2s)

